15 Mar 2019 22:01:38,523 [JavaFX Application Thread] Repository.DataBaseRepo 118 logError - SQLException in database repo: credentialsfind one method
15 Mar 2019 22:02:22,825 [JavaFX Application Thread] Repository.DataBaseRepo 118 logError - SQLException in database repo: credentialsfind one method
15 Mar 2019 22:02:27,533 [JavaFX Application Thread] Repository.DataBaseRepo 118 logError - SQLException in database repo: credentialsfind one method
15 Mar 2019 22:02:39,559 [JavaFX Application Thread] Repository.DataBaseRepo 118 logError - SQLException in database repo: credentialsfind one method
15 Mar 2019 22:02:42,182 [JavaFX Application Thread] Repository.DataBaseRepo 118 logError - SQLException in database repo: credentialsfind one method
15 Mar 2019 22:03:23,949 [JavaFX Application Thread] Repository.DataBaseRepo 118 logError - SQLException in database repo: credentialsfind one method
15 Mar 2019 22:05:40,833 [JavaFX Application Thread] Repository.DataBaseRepo 118 logError - SQLException in database repo: credentialsfind one method
15 Mar 2019 22:13:30,857 [main] Repository.DataBaseRepo 118 logError - SQLException in database repo: credentialsfind one method
15 Mar 2019 22:13:37,254 [main] Repository.DataBaseRepo 118 logError - SQLException in database repo: credentialsfind one method
15 Mar 2019 22:14:42,212 [main] Repository.DataBaseRepo 113 logInfo - Found data in table credentials
15 Mar 2019 22:15:12,887 [JavaFX Application Thread] Repository.DataBaseRepo 113 logInfo - Found data in table credentials
16 Mar 2019 19:18:13,410 [JavaFX Application Thread] Repository.DataBaseRepo 113 logInfo - Found data in table registrations
16 Mar 2019 19:18:13,426 [JavaFX Application Thread] Repository.DataBaseRepo 113 logInfo - Found data in table athletes
16 Mar 2019 19:18:13,429 [JavaFX Application Thread] Repository.DataBaseRepo 113 logInfo - Found data in table racetypes
16 Mar 2019 19:18:13,432 [JavaFX Application Thread] Repository.DataBaseRepo 113 logInfo - Found data in table athletes
16 Mar 2019 19:18:13,434 [JavaFX Application Thread] Repository.DataBaseRepo 113 logInfo - Found data in table racetypes
16 Mar 2019 19:18:13,435 [JavaFX Application Thread] Repository.DataBaseRepo 113 logInfo - Found data in table athletes
16 Mar 2019 19:18:13,437 [JavaFX Application Thread] Repository.DataBaseRepo 113 logInfo - Found data in table racetypes
16 Mar 2019 19:18:13,439 [JavaFX Application Thread] Repository.DataBaseRepo 113 logInfo - Found data in table athletes
16 Mar 2019 19:18:13,440 [JavaFX Application Thread] Repository.DataBaseRepo 113 logInfo - Found data in table racetypes
16 Mar 2019 19:26:07,337 [JavaFX Application Thread] Repository.DataBaseRepo 113 logInfo - Found data in table registrations
16 Mar 2019 19:26:07,350 [JavaFX Application Thread] Repository.DataBaseRepo 113 logInfo - Found data in table athletes
16 Mar 2019 19:26:07,356 [JavaFX Application Thread] Repository.DataBaseRepo 113 logInfo - Found data in table racetypes
16 Mar 2019 19:26:07,360 [JavaFX Application Thread] Repository.DataBaseRepo 113 logInfo - Found data in table athletes
16 Mar 2019 19:26:07,362 [JavaFX Application Thread] Repository.DataBaseRepo 113 logInfo - Found data in table racetypes
16 Mar 2019 19:26:07,364 [JavaFX Application Thread] Repository.DataBaseRepo 113 logInfo - Found data in table athletes
16 Mar 2019 19:26:07,367 [JavaFX Application Thread] Repository.DataBaseRepo 113 logInfo - Found data in table racetypes
16 Mar 2019 19:26:07,369 [JavaFX Application Thread] Repository.DataBaseRepo 113 logInfo - Found data in table athletes
16 Mar 2019 19:26:07,371 [JavaFX Application Thread] Repository.DataBaseRepo 113 logInfo - Found data in table racetypes
16 Mar 2019 19:40:08,503 [JavaFX Application Thread] Repository.DataBaseRepo 113 logInfo - Found data in table registrations
16 Mar 2019 19:40:08,517 [JavaFX Application Thread] Repository.DataBaseRepo 113 logInfo - Found data in table athletes
16 Mar 2019 19:40:08,522 [JavaFX Application Thread] Repository.DataBaseRepo 113 logInfo - Found data in table racetypes
16 Mar 2019 19:40:08,525 [JavaFX Application Thread] Repository.DataBaseRepo 113 logInfo - Found data in table athletes
16 Mar 2019 19:40:08,528 [JavaFX Application Thread] Repository.DataBaseRepo 113 logInfo - Found data in table racetypes
16 Mar 2019 19:40:08,530 [JavaFX Application Thread] Repository.DataBaseRepo 113 logInfo - Found data in table athletes
16 Mar 2019 19:40:08,532 [JavaFX Application Thread] Repository.DataBaseRepo 113 logInfo - Found data in table racetypes
16 Mar 2019 19:40:08,535 [JavaFX Application Thread] Repository.DataBaseRepo 113 logInfo - Found data in table athletes
16 Mar 2019 19:40:08,537 [JavaFX Application Thread] Repository.DataBaseRepo 113 logInfo - Found data in table racetypes
16 Mar 2019 19:41:29,895 [JavaFX Application Thread] Repository.DataBaseRepo 113 logInfo - Found data in table athletes
16 Mar 2019 19:41:41,359 [JavaFX Application Thread] Repository.DataBaseRepo 113 logInfo - Found data in table athletes
16 Mar 2019 19:41:41,369 [JavaFX Application Thread] Repository.DataBaseRepo 113 logInfo - Save entity in table athletes
16 Mar 2019 19:42:25,819 [JavaFX Application Thread] Repository.DataBaseRepo 113 logInfo - Found data in table athletes
16 Mar 2019 19:42:25,822 [JavaFX Application Thread] Repository.DataBaseRepo 113 logInfo - Found data in table racetypes
16 Mar 2019 19:43:10,692 [JavaFX Application Thread] Repository.DataBaseRepo 113 logInfo - Found data in table athletes
16 Mar 2019 19:43:10,696 [JavaFX Application Thread] Repository.DataBaseRepo 113 logInfo - Found data in table racetypes
16 Mar 2019 19:43:46,667 [JavaFX Application Thread] Repository.DataBaseRepo 113 logInfo - Found data in table registrations
16 Mar 2019 19:43:46,677 [JavaFX Application Thread] Repository.DataBaseRepo 113 logInfo - Found data in table athletes
16 Mar 2019 19:43:46,681 [JavaFX Application Thread] Repository.DataBaseRepo 113 logInfo - Found data in table racetypes
16 Mar 2019 19:43:46,685 [JavaFX Application Thread] Repository.DataBaseRepo 113 logInfo - Found data in table athletes
16 Mar 2019 19:43:46,686 [JavaFX Application Thread] Repository.DataBaseRepo 113 logInfo - Found data in table racetypes
16 Mar 2019 19:43:46,688 [JavaFX Application Thread] Repository.DataBaseRepo 113 logInfo - Found data in table athletes
16 Mar 2019 19:43:46,690 [JavaFX Application Thread] Repository.DataBaseRepo 113 logInfo - Found data in table racetypes
16 Mar 2019 19:43:46,692 [JavaFX Application Thread] Repository.DataBaseRepo 113 logInfo - Found data in table athletes
16 Mar 2019 19:43:46,694 [JavaFX Application Thread] Repository.DataBaseRepo 113 logInfo - Found data in table racetypes
16 Mar 2019 19:44:32,019 [JavaFX Application Thread] Repository.DataBaseRepo 113 logInfo - Found data in table registrations
16 Mar 2019 19:44:32,030 [JavaFX Application Thread] Repository.DataBaseRepo 113 logInfo - Found data in table athletes
16 Mar 2019 19:44:32,034 [JavaFX Application Thread] Repository.DataBaseRepo 113 logInfo - Found data in table racetypes
16 Mar 2019 19:44:32,037 [JavaFX Application Thread] Repository.DataBaseRepo 113 logInfo - Found data in table athletes
16 Mar 2019 19:44:32,039 [JavaFX Application Thread] Repository.DataBaseRepo 113 logInfo - Found data in table racetypes
16 Mar 2019 19:44:32,042 [JavaFX Application Thread] Repository.DataBaseRepo 113 logInfo - Found data in table athletes
16 Mar 2019 19:44:32,044 [JavaFX Application Thread] Repository.DataBaseRepo 113 logInfo - Found data in table racetypes
16 Mar 2019 19:44:32,046 [JavaFX Application Thread] Repository.DataBaseRepo 113 logInfo - Found data in table athletes
16 Mar 2019 19:44:32,047 [JavaFX Application Thread] Repository.DataBaseRepo 113 logInfo - Found data in table racetypes
16 Mar 2019 19:44:46,627 [JavaFX Application Thread] Repository.DataBaseRepo 113 logInfo - Found data in table athletes
16 Mar 2019 19:44:46,631 [JavaFX Application Thread] Repository.DataBaseRepo 113 logInfo - Found data in table racetypes
16 Mar 2019 19:44:50,723 [JavaFX Application Thread] Repository.DataBaseRepo 113 logInfo - Found data in table registrations
16 Mar 2019 19:44:50,727 [JavaFX Application Thread] Repository.DataBaseRepo 113 logInfo - Found data in table athletes
16 Mar 2019 19:44:50,730 [JavaFX Application Thread] Repository.DataBaseRepo 113 logInfo - Found data in table racetypes
16 Mar 2019 19:44:50,732 [JavaFX Application Thread] Repository.DataBaseRepo 113 logInfo - Found data in table athletes
16 Mar 2019 19:44:50,737 [JavaFX Application Thread] Repository.DataBaseRepo 113 logInfo - Found data in table racetypes
16 Mar 2019 19:44:50,740 [JavaFX Application Thread] Repository.DataBaseRepo 113 logInfo - Found data in table athletes
16 Mar 2019 19:44:50,742 [JavaFX Application Thread] Repository.DataBaseRepo 113 logInfo - Found data in table racetypes
16 Mar 2019 19:44:50,745 [JavaFX Application Thread] Repository.DataBaseRepo 113 logInfo - Found data in table athletes
16 Mar 2019 19:44:50,748 [JavaFX Application Thread] Repository.DataBaseRepo 113 logInfo - Found data in table racetypes
16 Mar 2019 19:45:47,876 [JavaFX Application Thread] Repository.DataBaseRepo 113 logInfo - Found data in table registrations
16 Mar 2019 19:45:47,887 [JavaFX Application Thread] Repository.DataBaseRepo 113 logInfo - Found data in table athletes
16 Mar 2019 19:45:47,891 [JavaFX Application Thread] Repository.DataBaseRepo 113 logInfo - Found data in table racetypes
16 Mar 2019 19:45:47,894 [JavaFX Application Thread] Repository.DataBaseRepo 113 logInfo - Found data in table athletes
16 Mar 2019 19:45:47,896 [JavaFX Application Thread] Repository.DataBaseRepo 113 logInfo - Found data in table racetypes
16 Mar 2019 19:45:47,897 [JavaFX Application Thread] Repository.DataBaseRepo 113 logInfo - Found data in table athletes
16 Mar 2019 19:45:47,899 [JavaFX Application Thread] Repository.DataBaseRepo 113 logInfo - Found data in table racetypes
16 Mar 2019 19:45:47,900 [JavaFX Application Thread] Repository.DataBaseRepo 113 logInfo - Found data in table athletes
16 Mar 2019 19:45:47,902 [JavaFX Application Thread] Repository.DataBaseRepo 113 logInfo - Found data in table racetypes
16 Mar 2019 19:45:59,325 [JavaFX Application Thread] Repository.DataBaseRepo 113 logInfo - Found data in table athletes
16 Mar 2019 19:45:59,329 [JavaFX Application Thread] Repository.DataBaseRepo 113 logInfo - Found data in table racetypes
16 Mar 2019 19:45:59,358 [JavaFX Application Thread] Repository.DataBaseRepo 118 logError - SQLException in database repo: registrationsfind one method
16 Mar 2019 19:45:59,363 [JavaFX Application Thread] Repository.DataBaseRepo 113 logInfo - Save entity in table registrations
16 Mar 2019 19:46:05,245 [JavaFX Application Thread] Repository.DataBaseRepo 113 logInfo - Found data in table registrations
16 Mar 2019 19:46:05,247 [JavaFX Application Thread] Repository.DataBaseRepo 113 logInfo - Found data in table athletes
16 Mar 2019 19:46:05,251 [JavaFX Application Thread] Repository.DataBaseRepo 113 logInfo - Found data in table racetypes
16 Mar 2019 19:46:05,254 [JavaFX Application Thread] Repository.DataBaseRepo 113 logInfo - Found data in table athletes
16 Mar 2019 19:46:05,256 [JavaFX Application Thread] Repository.DataBaseRepo 113 logInfo - Found data in table racetypes
16 Mar 2019 19:46:05,259 [JavaFX Application Thread] Repository.DataBaseRepo 113 logInfo - Found data in table athletes
16 Mar 2019 19:46:05,261 [JavaFX Application Thread] Repository.DataBaseRepo 113 logInfo - Found data in table racetypes
16 Mar 2019 19:46:05,264 [JavaFX Application Thread] Repository.DataBaseRepo 113 logInfo - Found data in table athletes
16 Mar 2019 19:46:05,266 [JavaFX Application Thread] Repository.DataBaseRepo 113 logInfo - Found data in table racetypes
16 Mar 2019 19:46:05,268 [JavaFX Application Thread] Repository.DataBaseRepo 113 logInfo - Found data in table athletes
16 Mar 2019 19:46:05,270 [JavaFX Application Thread] Repository.DataBaseRepo 113 logInfo - Found data in table racetypes
16 Mar 2019 20:59:00,944 [JavaFX Application Thread] Repository.DataBaseRepo 113 logInfo - Found data in table registrations
16 Mar 2019 20:59:00,953 [JavaFX Application Thread] Repository.DataBaseRepo 113 logInfo - Found data in table athletes
16 Mar 2019 20:59:00,957 [JavaFX Application Thread] Repository.DataBaseRepo 113 logInfo - Found data in table racetypes
16 Mar 2019 20:59:00,959 [JavaFX Application Thread] Repository.DataBaseRepo 113 logInfo - Found data in table athletes
16 Mar 2019 20:59:00,961 [JavaFX Application Thread] Repository.DataBaseRepo 113 logInfo - Found data in table racetypes
16 Mar 2019 20:59:00,962 [JavaFX Application Thread] Repository.DataBaseRepo 113 logInfo - Found data in table athletes
16 Mar 2019 20:59:00,964 [JavaFX Application Thread] Repository.DataBaseRepo 113 logInfo - Found data in table racetypes
16 Mar 2019 20:59:00,967 [JavaFX Application Thread] Repository.DataBaseRepo 113 logInfo - Found data in table athletes
16 Mar 2019 20:59:00,969 [JavaFX Application Thread] Repository.DataBaseRepo 113 logInfo - Found data in table racetypes
16 Mar 2019 20:59:00,971 [JavaFX Application Thread] Repository.DataBaseRepo 113 logInfo - Found data in table athletes
16 Mar 2019 20:59:00,974 [JavaFX Application Thread] Repository.DataBaseRepo 113 logInfo - Found data in table racetypes
16 Mar 2019 20:59:19,769 [JavaFX Application Thread] Repository.DataBaseRepo 113 logInfo - Found data in table registrations
16 Mar 2019 20:59:19,778 [JavaFX Application Thread] Repository.DataBaseRepo 113 logInfo - Found data in table athletes
16 Mar 2019 20:59:19,781 [JavaFX Application Thread] Repository.DataBaseRepo 113 logInfo - Found data in table racetypes
16 Mar 2019 20:59:19,783 [JavaFX Application Thread] Repository.DataBaseRepo 113 logInfo - Found data in table athletes
16 Mar 2019 20:59:19,785 [JavaFX Application Thread] Repository.DataBaseRepo 113 logInfo - Found data in table racetypes
16 Mar 2019 20:59:19,787 [JavaFX Application Thread] Repository.DataBaseRepo 113 logInfo - Found data in table athletes
16 Mar 2019 20:59:19,788 [JavaFX Application Thread] Repository.DataBaseRepo 113 logInfo - Found data in table racetypes
16 Mar 2019 20:59:19,790 [JavaFX Application Thread] Repository.DataBaseRepo 113 logInfo - Found data in table athletes
16 Mar 2019 20:59:19,791 [JavaFX Application Thread] Repository.DataBaseRepo 113 logInfo - Found data in table racetypes
16 Mar 2019 20:59:19,793 [JavaFX Application Thread] Repository.DataBaseRepo 113 logInfo - Found data in table athletes
16 Mar 2019 20:59:19,795 [JavaFX Application Thread] Repository.DataBaseRepo 113 logInfo - Found data in table racetypes
16 Mar 2019 20:59:19,833 [JavaFX Application Thread] Repository.DataBaseRepo 113 logInfo - Found data in table registrations
16 Mar 2019 20:59:29,701 [JavaFX Application Thread] Repository.DataBaseRepo 113 logInfo - Found data in table registrations
16 Mar 2019 20:59:29,703 [JavaFX Application Thread] Repository.DataBaseRepo 113 logInfo - Found data in table athletes
16 Mar 2019 20:59:29,706 [JavaFX Application Thread] Repository.DataBaseRepo 113 logInfo - Found data in table racetypes
16 Mar 2019 20:59:29,709 [JavaFX Application Thread] Repository.DataBaseRepo 113 logInfo - Found data in table athletes
16 Mar 2019 20:59:29,711 [JavaFX Application Thread] Repository.DataBaseRepo 113 logInfo - Found data in table racetypes
16 Mar 2019 20:59:29,713 [JavaFX Application Thread] Repository.DataBaseRepo 113 logInfo - Found data in table athletes
16 Mar 2019 20:59:29,716 [JavaFX Application Thread] Repository.DataBaseRepo 113 logInfo - Found data in table racetypes
16 Mar 2019 20:59:29,718 [JavaFX Application Thread] Repository.DataBaseRepo 113 logInfo - Found data in table athletes
16 Mar 2019 20:59:29,720 [JavaFX Application Thread] Repository.DataBaseRepo 113 logInfo - Found data in table racetypes
16 Mar 2019 20:59:29,722 [JavaFX Application Thread] Repository.DataBaseRepo 113 logInfo - Found data in table athletes
16 Mar 2019 20:59:29,724 [JavaFX Application Thread] Repository.DataBaseRepo 113 logInfo - Found data in table racetypes
16 Mar 2019 20:59:29,750 [JavaFX Application Thread] Repository.DataBaseRepo 113 logInfo - Found data in table registrations
16 Mar 2019 21:01:14,070 [JavaFX Application Thread] Repository.DataBaseRepo 113 logInfo - Found data in table registrations
16 Mar 2019 21:01:14,078 [JavaFX Application Thread] Repository.DataBaseRepo 113 logInfo - Found data in table athletes
16 Mar 2019 21:01:14,081 [JavaFX Application Thread] Repository.DataBaseRepo 113 logInfo - Found data in table racetypes
16 Mar 2019 21:01:14,083 [JavaFX Application Thread] Repository.DataBaseRepo 113 logInfo - Found data in table athletes
16 Mar 2019 21:01:14,085 [JavaFX Application Thread] Repository.DataBaseRepo 113 logInfo - Found data in table racetypes
16 Mar 2019 21:01:14,086 [JavaFX Application Thread] Repository.DataBaseRepo 113 logInfo - Found data in table athletes
16 Mar 2019 21:01:14,087 [JavaFX Application Thread] Repository.DataBaseRepo 113 logInfo - Found data in table racetypes
16 Mar 2019 21:01:14,089 [JavaFX Application Thread] Repository.DataBaseRepo 113 logInfo - Found data in table athletes
16 Mar 2019 21:01:14,090 [JavaFX Application Thread] Repository.DataBaseRepo 113 logInfo - Found data in table racetypes
16 Mar 2019 21:01:14,091 [JavaFX Application Thread] Repository.DataBaseRepo 113 logInfo - Found data in table athletes
16 Mar 2019 21:01:14,093 [JavaFX Application Thread] Repository.DataBaseRepo 113 logInfo - Found data in table racetypes
16 Mar 2019 21:01:14,123 [JavaFX Application Thread] Repository.DataBaseRepo 113 logInfo - Found data in table registrations
16 Mar 2019 21:01:16,526 [JavaFX Application Thread] Repository.DataBaseRepo 113 logInfo - Found data in table registrations
16 Mar 2019 21:02:11,622 [JavaFX Application Thread] Repository.DataBaseRepo 113 logInfo - Found data in table registrations
16 Mar 2019 21:02:11,633 [JavaFX Application Thread] Repository.DataBaseRepo 113 logInfo - Found data in table athletes
16 Mar 2019 21:02:11,636 [JavaFX Application Thread] Repository.DataBaseRepo 113 logInfo - Found data in table racetypes
16 Mar 2019 21:02:11,638 [JavaFX Application Thread] Repository.DataBaseRepo 113 logInfo - Found data in table athletes
16 Mar 2019 21:02:11,639 [JavaFX Application Thread] Repository.DataBaseRepo 113 logInfo - Found data in table racetypes
16 Mar 2019 21:02:11,641 [JavaFX Application Thread] Repository.DataBaseRepo 113 logInfo - Found data in table athletes
16 Mar 2019 21:02:11,642 [JavaFX Application Thread] Repository.DataBaseRepo 113 logInfo - Found data in table racetypes
16 Mar 2019 21:02:11,643 [JavaFX Application Thread] Repository.DataBaseRepo 113 logInfo - Found data in table athletes
16 Mar 2019 21:02:11,645 [JavaFX Application Thread] Repository.DataBaseRepo 113 logInfo - Found data in table racetypes
16 Mar 2019 21:02:11,646 [JavaFX Application Thread] Repository.DataBaseRepo 113 logInfo - Found data in table athletes
16 Mar 2019 21:02:11,648 [JavaFX Application Thread] Repository.DataBaseRepo 113 logInfo - Found data in table racetypes
16 Mar 2019 21:02:11,678 [JavaFX Application Thread] Repository.DataBaseRepo 113 logInfo - Found data in table registrations
16 Mar 2019 21:02:13,858 [JavaFX Application Thread] Repository.DataBaseRepo 113 logInfo - Found data in table registrations
16 Mar 2019 21:02:20,107 [JavaFX Application Thread] Repository.DataBaseRepo 113 logInfo - Found data in table registrations
16 Mar 2019 21:03:48,590 [JavaFX Application Thread] Repository.DataBaseRepo 113 logInfo - Found data in table registrations
16 Mar 2019 21:03:48,600 [JavaFX Application Thread] Repository.DataBaseRepo 113 logInfo - Found data in table athletes
16 Mar 2019 21:03:48,605 [JavaFX Application Thread] Repository.DataBaseRepo 113 logInfo - Found data in table racetypes
16 Mar 2019 21:03:48,607 [JavaFX Application Thread] Repository.DataBaseRepo 113 logInfo - Found data in table athletes
16 Mar 2019 21:03:48,609 [JavaFX Application Thread] Repository.DataBaseRepo 113 logInfo - Found data in table racetypes
16 Mar 2019 21:03:48,611 [JavaFX Application Thread] Repository.DataBaseRepo 113 logInfo - Found data in table athletes
16 Mar 2019 21:03:48,613 [JavaFX Application Thread] Repository.DataBaseRepo 113 logInfo - Found data in table racetypes
16 Mar 2019 21:03:48,614 [JavaFX Application Thread] Repository.DataBaseRepo 113 logInfo - Found data in table athletes
16 Mar 2019 21:03:48,616 [JavaFX Application Thread] Repository.DataBaseRepo 113 logInfo - Found data in table racetypes
16 Mar 2019 21:03:48,617 [JavaFX Application Thread] Repository.DataBaseRepo 113 logInfo - Found data in table athletes
16 Mar 2019 21:03:48,620 [JavaFX Application Thread] Repository.DataBaseRepo 113 logInfo - Found data in table racetypes
16 Mar 2019 21:04:51,511 [JavaFX Application Thread] Repository.DataBaseRepo 113 logInfo - Found data in table registrations
16 Mar 2019 21:04:51,524 [JavaFX Application Thread] Repository.DataBaseRepo 113 logInfo - Found data in table athletes
16 Mar 2019 21:04:51,528 [JavaFX Application Thread] Repository.DataBaseRepo 113 logInfo - Found data in table racetypes
16 Mar 2019 21:04:51,530 [JavaFX Application Thread] Repository.DataBaseRepo 113 logInfo - Found data in table athletes
16 Mar 2019 21:04:51,531 [JavaFX Application Thread] Repository.DataBaseRepo 113 logInfo - Found data in table racetypes
16 Mar 2019 21:04:51,533 [JavaFX Application Thread] Repository.DataBaseRepo 113 logInfo - Found data in table athletes
16 Mar 2019 21:04:51,534 [JavaFX Application Thread] Repository.DataBaseRepo 113 logInfo - Found data in table racetypes
16 Mar 2019 21:04:51,536 [JavaFX Application Thread] Repository.DataBaseRepo 113 logInfo - Found data in table athletes
16 Mar 2019 21:04:51,537 [JavaFX Application Thread] Repository.DataBaseRepo 113 logInfo - Found data in table racetypes
16 Mar 2019 21:04:51,538 [JavaFX Application Thread] Repository.DataBaseRepo 113 logInfo - Found data in table athletes
16 Mar 2019 21:04:51,540 [JavaFX Application Thread] Repository.DataBaseRepo 113 logInfo - Found data in table racetypes
16 Mar 2019 21:04:51,584 [JavaFX Application Thread] Repository.DataBaseRepo 113 logInfo - Found data in table registrations
16 Mar 2019 21:05:41,840 [JavaFX Application Thread] Repository.DataBaseRepo 113 logInfo - Found data in table registrations
16 Mar 2019 21:05:41,850 [JavaFX Application Thread] Repository.DataBaseRepo 113 logInfo - Found data in table athletes
16 Mar 2019 21:05:41,853 [JavaFX Application Thread] Repository.DataBaseRepo 113 logInfo - Found data in table racetypes
16 Mar 2019 21:05:41,855 [JavaFX Application Thread] Repository.DataBaseRepo 113 logInfo - Found data in table athletes
16 Mar 2019 21:05:41,856 [JavaFX Application Thread] Repository.DataBaseRepo 113 logInfo - Found data in table racetypes
16 Mar 2019 21:05:41,858 [JavaFX Application Thread] Repository.DataBaseRepo 113 logInfo - Found data in table athletes
16 Mar 2019 21:05:41,859 [JavaFX Application Thread] Repository.DataBaseRepo 113 logInfo - Found data in table racetypes
16 Mar 2019 21:05:41,861 [JavaFX Application Thread] Repository.DataBaseRepo 113 logInfo - Found data in table athletes
16 Mar 2019 21:05:41,862 [JavaFX Application Thread] Repository.DataBaseRepo 113 logInfo - Found data in table racetypes
16 Mar 2019 21:05:41,863 [JavaFX Application Thread] Repository.DataBaseRepo 113 logInfo - Found data in table athletes
16 Mar 2019 21:05:41,865 [JavaFX Application Thread] Repository.DataBaseRepo 113 logInfo - Found data in table racetypes
16 Mar 2019 21:05:41,897 [JavaFX Application Thread] Repository.DataBaseRepo 113 logInfo - Found data in table registrations
16 Mar 2019 21:06:28,768 [JavaFX Application Thread] Repository.DataBaseRepo 113 logInfo - Found data in table registrations
16 Mar 2019 21:06:28,779 [JavaFX Application Thread] Repository.DataBaseRepo 113 logInfo - Found data in table athletes
16 Mar 2019 21:06:28,784 [JavaFX Application Thread] Repository.DataBaseRepo 113 logInfo - Found data in table racetypes
16 Mar 2019 21:06:28,785 [JavaFX Application Thread] Repository.DataBaseRepo 113 logInfo - Found data in table athletes
16 Mar 2019 21:06:28,787 [JavaFX Application Thread] Repository.DataBaseRepo 113 logInfo - Found data in table racetypes
16 Mar 2019 21:06:28,789 [JavaFX Application Thread] Repository.DataBaseRepo 113 logInfo - Found data in table athletes
16 Mar 2019 21:06:28,790 [JavaFX Application Thread] Repository.DataBaseRepo 113 logInfo - Found data in table racetypes
16 Mar 2019 21:06:28,792 [JavaFX Application Thread] Repository.DataBaseRepo 113 logInfo - Found data in table athletes
16 Mar 2019 21:06:28,793 [JavaFX Application Thread] Repository.DataBaseRepo 113 logInfo - Found data in table racetypes
16 Mar 2019 21:06:28,794 [JavaFX Application Thread] Repository.DataBaseRepo 113 logInfo - Found data in table athletes
16 Mar 2019 21:06:28,796 [JavaFX Application Thread] Repository.DataBaseRepo 113 logInfo - Found data in table racetypes
16 Mar 2019 21:06:28,838 [JavaFX Application Thread] Repository.DataBaseRepo 113 logInfo - Found data in table registrations
16 Mar 2019 21:07:47,291 [JavaFX Application Thread] Repository.DataBaseRepo 113 logInfo - Found data in table registrations
16 Mar 2019 21:07:47,301 [JavaFX Application Thread] Repository.DataBaseRepo 113 logInfo - Found data in table athletes
16 Mar 2019 21:07:47,304 [JavaFX Application Thread] Repository.DataBaseRepo 113 logInfo - Found data in table racetypes
16 Mar 2019 21:07:47,306 [JavaFX Application Thread] Repository.DataBaseRepo 113 logInfo - Found data in table athletes
16 Mar 2019 21:07:47,308 [JavaFX Application Thread] Repository.DataBaseRepo 113 logInfo - Found data in table racetypes
16 Mar 2019 21:07:47,310 [JavaFX Application Thread] Repository.DataBaseRepo 113 logInfo - Found data in table athletes
16 Mar 2019 21:07:47,311 [JavaFX Application Thread] Repository.DataBaseRepo 113 logInfo - Found data in table racetypes
16 Mar 2019 21:07:47,312 [JavaFX Application Thread] Repository.DataBaseRepo 113 logInfo - Found data in table athletes
16 Mar 2019 21:07:47,313 [JavaFX Application Thread] Repository.DataBaseRepo 113 logInfo - Found data in table racetypes
16 Mar 2019 21:07:47,315 [JavaFX Application Thread] Repository.DataBaseRepo 113 logInfo - Found data in table athletes
16 Mar 2019 21:07:47,316 [JavaFX Application Thread] Repository.DataBaseRepo 113 logInfo - Found data in table racetypes
16 Mar 2019 21:07:47,355 [JavaFX Application Thread] Repository.DataBaseRepo 113 logInfo - Found data in table registrations
16 Mar 2019 21:07:49,018 [JavaFX Application Thread] Repository.DataBaseRepo 113 logInfo - Found data in table registrations
16 Mar 2019 21:08:46,150 [JavaFX Application Thread] Repository.DataBaseRepo 113 logInfo - Found data in table registrations
16 Mar 2019 21:08:46,160 [JavaFX Application Thread] Repository.DataBaseRepo 113 logInfo - Found data in table athletes
16 Mar 2019 21:08:46,164 [JavaFX Application Thread] Repository.DataBaseRepo 113 logInfo - Found data in table racetypes
16 Mar 2019 21:08:46,166 [JavaFX Application Thread] Repository.DataBaseRepo 113 logInfo - Found data in table athletes
16 Mar 2019 21:08:46,167 [JavaFX Application Thread] Repository.DataBaseRepo 113 logInfo - Found data in table racetypes
16 Mar 2019 21:08:46,169 [JavaFX Application Thread] Repository.DataBaseRepo 113 logInfo - Found data in table athletes
16 Mar 2019 21:08:46,170 [JavaFX Application Thread] Repository.DataBaseRepo 113 logInfo - Found data in table racetypes
16 Mar 2019 21:08:46,171 [JavaFX Application Thread] Repository.DataBaseRepo 113 logInfo - Found data in table athletes
16 Mar 2019 21:08:46,172 [JavaFX Application Thread] Repository.DataBaseRepo 113 logInfo - Found data in table racetypes
16 Mar 2019 21:08:46,174 [JavaFX Application Thread] Repository.DataBaseRepo 113 logInfo - Found data in table athletes
16 Mar 2019 21:08:46,175 [JavaFX Application Thread] Repository.DataBaseRepo 113 logInfo - Found data in table racetypes
16 Mar 2019 21:08:46,208 [JavaFX Application Thread] Repository.DataBaseRepo 113 logInfo - Found data in table registrations
16 Mar 2019 21:08:48,798 [JavaFX Application Thread] Repository.DataBaseRepo 113 logInfo - Found data in table registrations
16 Mar 2019 21:09:21,195 [JavaFX Application Thread] Repository.DataBaseRepo 113 logInfo - Found data in table registrations
16 Mar 2019 21:09:21,208 [JavaFX Application Thread] Repository.DataBaseRepo 113 logInfo - Found data in table athletes
16 Mar 2019 21:09:21,211 [JavaFX Application Thread] Repository.DataBaseRepo 113 logInfo - Found data in table racetypes
16 Mar 2019 21:09:21,213 [JavaFX Application Thread] Repository.DataBaseRepo 113 logInfo - Found data in table athletes
16 Mar 2019 21:09:21,216 [JavaFX Application Thread] Repository.DataBaseRepo 113 logInfo - Found data in table racetypes
16 Mar 2019 21:09:21,218 [JavaFX Application Thread] Repository.DataBaseRepo 113 logInfo - Found data in table athletes
16 Mar 2019 21:09:21,220 [JavaFX Application Thread] Repository.DataBaseRepo 113 logInfo - Found data in table racetypes
16 Mar 2019 21:09:21,222 [JavaFX Application Thread] Repository.DataBaseRepo 113 logInfo - Found data in table athletes
16 Mar 2019 21:09:21,223 [JavaFX Application Thread] Repository.DataBaseRepo 113 logInfo - Found data in table racetypes
16 Mar 2019 21:09:21,224 [JavaFX Application Thread] Repository.DataBaseRepo 113 logInfo - Found data in table athletes
16 Mar 2019 21:09:21,226 [JavaFX Application Thread] Repository.DataBaseRepo 113 logInfo - Found data in table racetypes
16 Mar 2019 21:09:21,269 [JavaFX Application Thread] Repository.DataBaseRepo 113 logInfo - Found data in table registrations
16 Mar 2019 21:09:22,591 [JavaFX Application Thread] Repository.DataBaseRepo 113 logInfo - Found data in table registrations
16 Mar 2019 21:09:24,597 [JavaFX Application Thread] Repository.DataBaseRepo 113 logInfo - Found data in table registrations
16 Mar 2019 21:14:58,448 [JavaFX Application Thread] Repository.DataBaseRepo 113 logInfo - Found data in table credentials
16 Mar 2019 21:15:05,366 [JavaFX Application Thread] Repository.DataBaseRepo 113 logInfo - Found data in table registrations
16 Mar 2019 21:15:05,374 [JavaFX Application Thread] Repository.DataBaseRepo 113 logInfo - Found data in table athletes
16 Mar 2019 21:15:05,379 [JavaFX Application Thread] Repository.DataBaseRepo 113 logInfo - Found data in table racetypes
16 Mar 2019 21:15:05,383 [JavaFX Application Thread] Repository.DataBaseRepo 113 logInfo - Found data in table athletes
16 Mar 2019 21:15:05,386 [JavaFX Application Thread] Repository.DataBaseRepo 113 logInfo - Found data in table racetypes
16 Mar 2019 21:15:05,389 [JavaFX Application Thread] Repository.DataBaseRepo 113 logInfo - Found data in table athletes
16 Mar 2019 21:15:05,391 [JavaFX Application Thread] Repository.DataBaseRepo 113 logInfo - Found data in table racetypes
16 Mar 2019 21:15:05,394 [JavaFX Application Thread] Repository.DataBaseRepo 113 logInfo - Found data in table athletes
16 Mar 2019 21:15:05,396 [JavaFX Application Thread] Repository.DataBaseRepo 113 logInfo - Found data in table racetypes
16 Mar 2019 21:15:05,399 [JavaFX Application Thread] Repository.DataBaseRepo 113 logInfo - Found data in table athletes
16 Mar 2019 21:15:05,400 [JavaFX Application Thread] Repository.DataBaseRepo 113 logInfo - Found data in table racetypes
16 Mar 2019 21:15:05,434 [JavaFX Application Thread] Repository.DataBaseRepo 113 logInfo - Found data in table registrations
16 Mar 2019 21:15:10,146 [JavaFX Application Thread] Repository.DataBaseRepo 113 logInfo - Found data in table registrations
16 Mar 2019 21:15:12,539 [JavaFX Application Thread] Repository.DataBaseRepo 113 logInfo - Found data in table registrations
16 Mar 2019 21:15:34,912 [JavaFX Application Thread] Repository.DataBaseRepo 113 logInfo - Found data in table athletes
16 Mar 2019 21:15:34,915 [JavaFX Application Thread] Repository.DataBaseRepo 113 logInfo - Found data in table racetypes
16 Mar 2019 21:15:40,168 [JavaFX Application Thread] Repository.DataBaseRepo 113 logInfo - Found data in table registrations
16 Mar 2019 21:15:45,423 [JavaFX Application Thread] Repository.DataBaseRepo 113 logInfo - Found data in table registrations
16 Mar 2019 21:15:54,887 [JavaFX Application Thread] Repository.DataBaseRepo 113 logInfo - Found data in table athletes
16 Mar 2019 21:15:54,890 [JavaFX Application Thread] Repository.DataBaseRepo 113 logInfo - Found data in table racetypes
16 Mar 2019 21:15:58,201 [JavaFX Application Thread] Repository.DataBaseRepo 113 logInfo - Found data in table registrations
16 Mar 2019 21:15:58,204 [JavaFX Application Thread] Repository.DataBaseRepo 113 logInfo - Found data in table athletes
16 Mar 2019 21:15:58,207 [JavaFX Application Thread] Repository.DataBaseRepo 113 logInfo - Found data in table racetypes
16 Mar 2019 21:15:58,209 [JavaFX Application Thread] Repository.DataBaseRepo 113 logInfo - Found data in table athletes
16 Mar 2019 21:15:58,213 [JavaFX Application Thread] Repository.DataBaseRepo 113 logInfo - Found data in table racetypes
16 Mar 2019 21:15:58,214 [JavaFX Application Thread] Repository.DataBaseRepo 113 logInfo - Found data in table athletes
16 Mar 2019 21:15:58,218 [JavaFX Application Thread] Repository.DataBaseRepo 113 logInfo - Found data in table racetypes
16 Mar 2019 21:15:58,220 [JavaFX Application Thread] Repository.DataBaseRepo 113 logInfo - Found data in table athletes
16 Mar 2019 21:15:58,223 [JavaFX Application Thread] Repository.DataBaseRepo 113 logInfo - Found data in table racetypes
16 Mar 2019 21:15:58,225 [JavaFX Application Thread] Repository.DataBaseRepo 113 logInfo - Found data in table athletes
16 Mar 2019 21:15:58,226 [JavaFX Application Thread] Repository.DataBaseRepo 113 logInfo - Found data in table racetypes
16 Mar 2019 21:15:58,243 [JavaFX Application Thread] Repository.DataBaseRepo 113 logInfo - Found data in table registrations
16 Mar 2019 21:19:27,135 [JavaFX Application Thread] Repository.DataBaseRepo 113 logInfo - Found data in table athletes
16 Mar 2019 21:19:27,138 [JavaFX Application Thread] Repository.DataBaseRepo 113 logInfo - Found data in table racetypes
16 Mar 2019 21:19:27,169 [JavaFX Application Thread] Repository.DataBaseRepo 118 logError - SQLException in database repo: registrationsfind one method
16 Mar 2019 21:19:27,174 [JavaFX Application Thread] Repository.DataBaseRepo 113 logInfo - Save entity in table registrations
16 Mar 2019 21:19:37,819 [JavaFX Application Thread] Repository.DataBaseRepo 113 logInfo - Found data in table registrations
16 Mar 2019 21:19:37,822 [JavaFX Application Thread] Repository.DataBaseRepo 113 logInfo - Found data in table athletes
16 Mar 2019 21:19:37,825 [JavaFX Application Thread] Repository.DataBaseRepo 113 logInfo - Found data in table racetypes
16 Mar 2019 21:19:37,827 [JavaFX Application Thread] Repository.DataBaseRepo 113 logInfo - Found data in table athletes
16 Mar 2019 21:19:37,831 [JavaFX Application Thread] Repository.DataBaseRepo 113 logInfo - Found data in table racetypes
16 Mar 2019 21:19:37,834 [JavaFX Application Thread] Repository.DataBaseRepo 113 logInfo - Found data in table athletes
16 Mar 2019 21:19:37,836 [JavaFX Application Thread] Repository.DataBaseRepo 113 logInfo - Found data in table racetypes
16 Mar 2019 21:19:37,839 [JavaFX Application Thread] Repository.DataBaseRepo 113 logInfo - Found data in table athletes
16 Mar 2019 21:19:37,841 [JavaFX Application Thread] Repository.DataBaseRepo 113 logInfo - Found data in table racetypes
16 Mar 2019 21:19:37,844 [JavaFX Application Thread] Repository.DataBaseRepo 113 logInfo - Found data in table athletes
16 Mar 2019 21:19:37,847 [JavaFX Application Thread] Repository.DataBaseRepo 113 logInfo - Found data in table racetypes
16 Mar 2019 21:19:37,849 [JavaFX Application Thread] Repository.DataBaseRepo 113 logInfo - Found data in table athletes
16 Mar 2019 21:19:37,851 [JavaFX Application Thread] Repository.DataBaseRepo 113 logInfo - Found data in table racetypes
16 Mar 2019 21:19:37,878 [JavaFX Application Thread] Repository.DataBaseRepo 113 logInfo - Found data in table registrations
16 Mar 2019 21:19:47,184 [JavaFX Application Thread] Repository.DataBaseRepo 113 logInfo - Found data in table registrations
16 Mar 2019 21:19:49,476 [JavaFX Application Thread] Repository.DataBaseRepo 113 logInfo - Found data in table registrations
16 Mar 2019 21:19:53,881 [JavaFX Application Thread] Repository.DataBaseRepo 113 logInfo - Found data in table registrations
16 Mar 2019 21:21:39,167 [JavaFX Application Thread] Repository.DataBaseRepo 113 logInfo - Found data in table credentials
16 Mar 2019 21:21:41,908 [JavaFX Application Thread] Repository.DataBaseRepo 113 logInfo - Found data in table registrations
16 Mar 2019 21:21:41,916 [JavaFX Application Thread] Repository.DataBaseRepo 113 logInfo - Found data in table athletes
16 Mar 2019 21:21:41,924 [JavaFX Application Thread] Repository.DataBaseRepo 113 logInfo - Found data in table racetypes
16 Mar 2019 21:21:41,928 [JavaFX Application Thread] Repository.DataBaseRepo 113 logInfo - Found data in table athletes
16 Mar 2019 21:21:41,932 [JavaFX Application Thread] Repository.DataBaseRepo 113 logInfo - Found data in table racetypes
16 Mar 2019 21:21:41,935 [JavaFX Application Thread] Repository.DataBaseRepo 113 logInfo - Found data in table athletes
16 Mar 2019 21:21:41,938 [JavaFX Application Thread] Repository.DataBaseRepo 113 logInfo - Found data in table racetypes
16 Mar 2019 21:21:41,941 [JavaFX Application Thread] Repository.DataBaseRepo 113 logInfo - Found data in table athletes
16 Mar 2019 21:21:41,944 [JavaFX Application Thread] Repository.DataBaseRepo 113 logInfo - Found data in table racetypes
16 Mar 2019 21:21:41,948 [JavaFX Application Thread] Repository.DataBaseRepo 113 logInfo - Found data in table athletes
16 Mar 2019 21:21:41,950 [JavaFX Application Thread] Repository.DataBaseRepo 113 logInfo - Found data in table racetypes
16 Mar 2019 21:21:41,952 [JavaFX Application Thread] Repository.DataBaseRepo 113 logInfo - Found data in table athletes
16 Mar 2019 21:21:41,954 [JavaFX Application Thread] Repository.DataBaseRepo 113 logInfo - Found data in table racetypes
16 Mar 2019 21:21:41,989 [JavaFX Application Thread] Repository.DataBaseRepo 113 logInfo - Found data in table registrations
16 Mar 2019 21:21:44,367 [JavaFX Application Thread] Repository.DataBaseRepo 113 logInfo - Found data in table registrations
16 Mar 2019 21:21:47,005 [JavaFX Application Thread] Repository.DataBaseRepo 113 logInfo - Found data in table registrations
17 Mar 2019 18:27:28,053 [JavaFX Application Thread] Repository.DataBaseRepo 113 logInfo - Found data in table credentials
17 Mar 2019 18:27:30,566 [JavaFX Application Thread] Repository.DataBaseRepo 113 logInfo - Found data in table registrations
17 Mar 2019 18:27:30,585 [JavaFX Application Thread] Repository.DataBaseRepo 113 logInfo - Found data in table athletes
17 Mar 2019 18:27:30,591 [JavaFX Application Thread] Repository.DataBaseRepo 113 logInfo - Found data in table racetypes
17 Mar 2019 18:27:30,595 [JavaFX Application Thread] Repository.DataBaseRepo 113 logInfo - Found data in table athletes
17 Mar 2019 18:27:30,596 [JavaFX Application Thread] Repository.DataBaseRepo 113 logInfo - Found data in table racetypes
17 Mar 2019 18:27:30,597 [JavaFX Application Thread] Repository.DataBaseRepo 113 logInfo - Found data in table athletes
17 Mar 2019 18:27:30,599 [JavaFX Application Thread] Repository.DataBaseRepo 113 logInfo - Found data in table racetypes
17 Mar 2019 18:27:30,600 [JavaFX Application Thread] Repository.DataBaseRepo 113 logInfo - Found data in table athletes
17 Mar 2019 18:27:30,601 [JavaFX Application Thread] Repository.DataBaseRepo 113 logInfo - Found data in table racetypes
17 Mar 2019 18:27:30,603 [JavaFX Application Thread] Repository.DataBaseRepo 113 logInfo - Found data in table athletes
17 Mar 2019 18:27:30,604 [JavaFX Application Thread] Repository.DataBaseRepo 113 logInfo - Found data in table racetypes
17 Mar 2019 18:27:30,605 [JavaFX Application Thread] Repository.DataBaseRepo 113 logInfo - Found data in table athletes
17 Mar 2019 18:27:30,607 [JavaFX Application Thread] Repository.DataBaseRepo 113 logInfo - Found data in table racetypes
17 Mar 2019 18:27:30,636 [JavaFX Application Thread] Repository.DataBaseRepo 113 logInfo - Found data in table registrations
17 Mar 2019 21:40:41,771 [JavaFX Application Thread] Repository.DataBaseRepo 113 logInfo - Found data in table credentials
17 Mar 2019 21:40:45,584 [JavaFX Application Thread] Repository.DataBaseRepo 113 logInfo - Found data in table registrations
17 Mar 2019 21:40:45,607 [JavaFX Application Thread] Repository.DataBaseRepo 113 logInfo - Found data in table athletes
17 Mar 2019 21:40:45,611 [JavaFX Application Thread] Repository.DataBaseRepo 113 logInfo - Found data in table racetypes
17 Mar 2019 21:40:45,615 [JavaFX Application Thread] Repository.DataBaseRepo 113 logInfo - Found data in table athletes
17 Mar 2019 21:40:45,616 [JavaFX Application Thread] Repository.DataBaseRepo 113 logInfo - Found data in table racetypes
17 Mar 2019 21:40:45,617 [JavaFX Application Thread] Repository.DataBaseRepo 113 logInfo - Found data in table athletes
17 Mar 2019 21:40:45,618 [JavaFX Application Thread] Repository.DataBaseRepo 113 logInfo - Found data in table racetypes
17 Mar 2019 21:40:45,619 [JavaFX Application Thread] Repository.DataBaseRepo 113 logInfo - Found data in table athletes
17 Mar 2019 21:40:45,621 [JavaFX Application Thread] Repository.DataBaseRepo 113 logInfo - Found data in table racetypes
17 Mar 2019 21:40:45,623 [JavaFX Application Thread] Repository.DataBaseRepo 113 logInfo - Found data in table athletes
17 Mar 2019 21:40:45,624 [JavaFX Application Thread] Repository.DataBaseRepo 113 logInfo - Found data in table racetypes
17 Mar 2019 21:40:45,625 [JavaFX Application Thread] Repository.DataBaseRepo 113 logInfo - Found data in table athletes
17 Mar 2019 21:40:45,626 [JavaFX Application Thread] Repository.DataBaseRepo 113 logInfo - Found data in table racetypes
17 Mar 2019 21:40:45,655 [JavaFX Application Thread] Repository.DataBaseRepo 113 logInfo - Found data in table registrations
